  [4;36;1mSQL (0.2ms)[0m   [0;1m SELECT name
 FROM sqlite_master
 WHERE type = 'table' AND NOT name = 'sqlite_sequence'
[0m
  [4;35;1mSQL (0.1ms)[0m   [0mselect sqlite_version(*)[0m
  [4;36;1mSQL (1.3ms)[0m   [0;1mCREATE TABLE "schema_migrations" ("version" varchar(255) NOT NULL) [0m
  [4;35;1mSQL (0.0ms)[0m   [0mPRAGMA index_list("schema_migrations")[0m
  [4;36;1mSQL (1.0ms)[0m   [0;1mCREATE UNIQUE INDEX "unique_schema_migrations" ON "schema_migrations" ("version")[0m
  [4;35;1mSQL (0.1ms)[0m   [0m SELECT name
 FROM sqlite_master
 WHERE type = 'table' AND NOT name = 'sqlite_sequence'
[0m
  [4;36;1mSQL (0.1ms)[0m   [0;1mSELECT version FROM schema_migrations[0m
Migrating to CreateProducts (20120912215107)
  [4;35;1mSQL (0.4ms)[0m   [0mCREATE TABLE "products" ("id" INTEGER PRIMARY KEY AUTOINCREMENT NOT NULL, "title" varchar(255), "description" text, "created_at" datetime, "updated_at" datetime) [0m
  [4;36;1mSQL (0.1ms)[0m   [0;1mINSERT INTO schema_migrations (version) VALUES ('20120912215107')[0m
  [4;35;1mSQL (0.2ms)[0m   [0m SELECT name
 FROM sqlite_master
 WHERE type = 'table' AND NOT name = 'sqlite_sequence'
[0m
  [4;36;1mSQL (0.1ms)[0m   [0;1mSELECT version FROM schema_migrations[0m
  [4;35;1mSQL (0.1ms)[0m   [0m SELECT name
 FROM sqlite_master
 WHERE type = 'table' AND NOT name = 'sqlite_sequence'
[0m
  [4;36;1mSQL (0.0ms)[0m   [0;1mPRAGMA index_list("products")[0m


Processing ProductsController#index (for 127.0.0.1 at 2012-09-12 18:53:10) [GET]
  [4;36;1mProduct Load (0.3ms)[0m   [0;1mSELECT * FROM "products" [0m
Completed in 5ms (View: 0, DB: 0) | 200 OK [http://localhost/products]


Processing ProductsController#index (for 127.0.0.1 at 2012-09-12 18:53:20) [GET]
  [4;35;1mProduct Load (0.3ms)[0m   [0mSELECT * FROM "products" [0m

ActionView::MissingTemplate (Missing template products/index.erb in view path app/views):
  

Rendering rescues/layout (internal_server_error)


Processing ProductsController#index (for 127.0.0.1 at 2012-09-12 18:54:40) [GET]
  [4;36;1mProduct Load (0.3ms)[0m   [0;1mSELECT * FROM "products" [0m
Rendering products/index

ActionView::TemplateError (You have a nil object when you didn't expect it!
You might have expected an instance of Array.
The error occurred while evaluating nil.size) on line #3 of app/views/products/index.html.erb:
1: <h1>UHUU!</h1>
2: 
3: <p>Agora tenho <%= @products.size %> produtos no banco!!</p>

    app/views/products/index.html.erb:3

Rendered rescues/_trace (105.8ms)
Rendered rescues/_request_and_response (1.1ms)
Rendering rescues/layout (internal_server_error)


Processing ProductsController#index (for 127.0.0.1 at 2012-09-12 18:54:58) [GET]
  [4;35;1mProduct Load (0.3ms)[0m   [0mSELECT * FROM "products" [0m
Rendering products/index
Completed in 8ms (View: 4, DB: 0) | 200 OK [http://localhost/products]


Processing ProductsController#index (for 127.0.0.1 at 2012-09-12 19:03:45) [GET]
  [4;36;1mProduct Load (0.4ms)[0m   [0;1mSELECT * FROM "products" [0m
Rendering products/index
Completed in 5ms (View: 1, DB: 0) | 200 OK [http://localhost/products]
